# JRE version: OpenJDK Runtime Environment (11.0.9.1+1) (build 11.0.9.1+1-Ubuntu-0ubuntu1.18.04)
# Java VM: OpenJDK 64-Bit Server VM (11.0.9.1+1-Ubuntu-0ubuntu1.18.04, mixed mode, sharing, tiered, compressed oops, g1 gc, linux-amd64)
Heap:
 garbage-first heap   total 243712K, used 10389K [0x00000000c4200000, 0x0000000100000000)
  region size 1024K, 1 young (1024K), 1 survivors (1024K)
 Metaspace       used 16438K, capacity 17059K, committed 17152K, reserved 1064960K
  class space    used 2029K, capacity 2278K, committed 2304K, reserved 1048576K
GC Heap History (20 events):
Event: 35,157 GC heap after
{Heap after GC invocations=4 (full 0):
 garbage-first heap   total 63488K, used 6068K [0x00000000c4200000, 0x0000000100000000)
  region size 1024K, 1 young (1024K), 1 survivors (1024K)
 Metaspace       used 2548K, capacity 5654K, committed 5760K, reserved 1056768K
  class space    used 247K, capacity 546K, committed 640K, reserved 1048576K
}
Event: 37,138 GC heap before
{Heap before GC invocations=4 (full 0):
 garbage-first heap   total 63488K, used 8116K [0x00000000c4200000, 0x0000000100000000)
  region size 1024K, 3 young (3072K), 1 survivors (1024K)
 Metaspace       used 3086K, capacity 5890K, committed 6016K, reserved 1056768K
  class space    used 317K, capacity 583K, committed 640K, reserved 1048576K
}
Event: 37,460 GC heap after
{Heap after GC invocations=5 (full 0):
 garbage-first heap   total 81920K, used 6186K [0x00000000c4200000, 0x0000000100000000)
  region size 1024K, 1 young (1024K), 1 survivors (1024K)
 Metaspace       used 3086K, capacity 5890K, committed 6016K, reserved 1056768K
  class space    used 317K, capacity 583K, committed 640K, reserved 1048576K
}
Event: 40,306 GC heap before
{Heap before GC invocations=5 (full 0):
 garbage-first heap   total 81920K, used 9258K [0x00000000c4200000, 0x0000000100000000)
  region size 1024K, 4 young (4096K), 1 survivors (1024K)
 Metaspace       used 3688K, capacity 6380K, committed 6656K, reserved 1056768K
  class space    used 396K, capacity 662K, committed 768K, reserved 1048576K
}
Event: 40,324 GC heap after
{Heap after GC invocations=6 (full 0):
 garbage-first heap   total 81920K, used 6290K [0x00000000c4200000, 0x0000000100000000)
  region size 1024K, 1 young (1024K), 1 survivors (1024K)
 Metaspace       used 3688K, capacity 6380K, committed 6656K, reserved 1056768K
  class space    used 396K, capacity 662K, committed 768K, reserved 1048576K
}
Event: 43,968 GC heap before
{Heap before GC invocations=6 (full 0):
 garbage-first heap   total 81920K, used 9362K [0x00000000c4200000, 0x0000000100000000)
  region size 1024K, 4 young (4096K), 1 survivors (1024K)
 Metaspace       used 4368K, capacity 6772K, committed 6912K, reserved 1056768K
  class space    used 490K, capacity 756K, committed 768K, reserved 1048576K
}
Event: 43,980 GC heap after
{Heap after GC invocations=7 (full 0):
 garbage-first heap   total 81920K, used 6549K [0x00000000c4200000, 0x0000000100000000)
  region size 1024K, 1 young (1024K), 1 survivors (1024K)
 Metaspace       used 4368K, capacity 6772K, committed 6912K, reserved 1056768K
  class space    used 490K, capacity 756K, committed 768K, reserved 1048576K
}
Event: 46,403 GC heap before
{Heap before GC invocations=7 (full 0):
 garbage-first heap   total 81920K, used 9621K [0x00000000c4200000, 0x0000000100000000)
  region size 1024K, 4 young (4096K), 1 survivors (1024K)
 Metaspace       used 4816K, capacity 7082K, committed 7296K, reserved 1056768K
  class space    used 554K, capacity 796K, committed 896K, reserved 1048576K
}
Event: 46,418 GC heap after
{Heap after GC invocations=8 (full 0):
 garbage-first heap   total 81920K, used 6724K [0x00000000c4200000, 0x0000000100000000)
  region size 1024K, 1 young (1024K), 1 survivors (1024K)
 Metaspace       used 4816K, capacity 7082K, committed 7296K, reserved 1056768K
  class space    used 554K, capacity 796K, committed 896K, reserved 1048576K
}
Event: 71,447 GC heap before
{Heap before GC invocations=8 (full 0):
 garbage-first heap   total 81920K, used 15940K [0x00000000c4200000, 0x0000000100000000)
  region size 1024K, 10 young (10240K), 1 survivors (1024K)
 Metaspace       used 6535K, capacity 8389K, committed 8576K, reserved 1056768K
  class space    used 803K, capacity 1044K, committed 1152K, reserved 1048576K
}
Event: 71,547 GC heap after
{Heap after GC invocations=9 (full 0):
 garbage-first heap   total 81920K, used 7229K [0x00000000c4200000, 0x0000000100000000)
  region size 1024K, 2 young (2048K), 2 survivors (2048K)
 Metaspace       used 6535K, capacity 8389K, committed 8576K, reserved 1056768K
  class space    used 803K, capacity 1044K, committed 1152K, reserved 1048576K
}
Event: 97,870 GC heap before
{Heap before GC invocations=9 (full 0):
 garbage-first heap   total 81920K, used 17469K [0x00000000c4200000, 0x0000000100000000)
  region size 1024K, 12 young (12288K), 2 survivors (2048K)
 Metaspace       used 8523K, capacity 9864K, committed 10112K, reserved 1058816K
  class space    used 1084K, capacity 1285K, committed 1408K, reserved 1048576K
}
Event: 97,936 GC heap after
{Heap after GC invocations=10 (full 0):
 garbage-first heap   total 81920K, used 7911K [0x00000000c4200000, 0x0000000100000000)
  region size 1024K, 2 young (2048K), 2 survivors (2048K)
 Metaspace       used 8523K, capacity 9864K, committed 10112K, reserved 1058816K
  class space    used 1084K, capacity 1285K, committed 1408K, reserved 1048576K
}
Event: 112,990 GC heap before
{Heap before GC invocations=10 (full 0):
 garbage-first heap   total 81920K, used 26343K [0x00000000c4200000, 0x0000000100000000)
  region size 1024K, 21 young (21504K), 2 survivors (2048K)
 Metaspace       used 12298K, capacity 13227K, committed 13568K, reserved 1060864K
  class space    used 1515K, capacity 1704K, committed 1792K, reserved 1048576K
}
Event: 113,052 GC heap after
{Heap after GC invocations=11 (full 0):
 garbage-first heap   total 81920K, used 8310K [0x00000000c4200000, 0x0000000100000000)
  region size 1024K, 2 young (2048K), 2 survivors (2048K)
 Metaspace       used 12298K, capacity 13227K, committed 13568K, reserved 1060864K
  class space    used 1515K, capacity 1704K, committed 1792K, reserved 1048576K
}
Event: 136,560 GC heap before
{Heap before GC invocations=11 (full 0):
 garbage-first heap   total 81920K, used 29814K [0x00000000c4200000, 0x0000000100000000)
  region size 1024K, 24 young (24576K), 2 survivors (2048K)
 Metaspace       used 14964K, capacity 15688K, committed 16000K, reserved 1062912K
  class space    used 1879K, capacity 2105K, committed 2176K, reserved 1048576K
}
Event: 136,718 GC heap after
{Heap after GC invocations=12 (full 0):
 garbage-first heap   total 81920K, used 9101K [0x00000000c4200000, 0x0000000100000000)
  region size 1024K, 2 young (2048K), 2 survivors (2048K)
 Metaspace       used 14964K, capacity 15688K, committed 16000K, reserved 1062912K
  class space    used 1879K, capacity 2105K, committed 2176K, reserved 1048576K
}
Event: 178,414 GC heap before
{Heap before GC invocations=12 (full 0):
 garbage-first heap   total 81920K, used 55181K [0x00000000c4200000, 0x0000000100000000)
  region size 1024K, 48 young (49152K), 2 survivors (2048K)
 Metaspace       used 16384K, capacity 17059K, committed 17152K, reserved 1064960K
  class space    used 2026K, capacity 2278K, committed 2304K, reserved 1048576K
}
Event: 197,180 GC heap after
{Heap after GC invocations=13 (full 0):
 garbage-first heap   total 81920K, used 10129K [0x00000000c4200000, 0x0000000100000000)
  region size 1024K, 3 young (3072K), 3 survivors (3072K)
 Metaspace       used 16384K, capacity 17059K, committed 17152K, reserved 1064960K
  class space    used 2026K, capacity 2278K, committed 2304K, reserved 1048576K
}
Event: 237,868 GC heap before
{Heap before GC invocations=13 (full 0):
 garbage-first heap   total 81920K, used 10129K [0x00000000c4200000, 0x0000000100000000)
  region size 1024K, 4 young (4096K), 3 survivors (3072K)
 Metaspace       used 16438K, capacity 17059K, committed 17152K, reserved 1064960K
  class space    used 2029K, capacity 2278K, committed 2304K, reserved 1048576K
}

